dereva_smart_android/app/build/intermediates/manifest_merge_blame_file/release/manifest-merger-blame-release-report.txt
1<?xml version="1.0" encoding="utf-8"?>
2<manifest xmlns:android="http://schemas.android.com/apk/res/android"
3    package="com.dereva.smart"
4    android:versionCode="1"
5    android:versionName="1.0.0" >
6
7    <uses-sdk
8        android:minSdkVersion="26"
9        android:targetSdkVersion="34" />
10
11    <uses-permission android:name="android.permission.INTERNET" />
11-->src/main/AndroidManifest.xml:4:5-66
11-->src/main/AndroidManifest.xml:4:22-64
12    <uses-permission android:name="android.permission.ACCESS_NETWORK_STATE" />
12-->src/main/AndroidManifest.xml:5:5-78
12-->src/main/AndroidManifest.xml:5:22-76
13    <uses-permission android:name="android.permission.WAKE_LOCK" />
13-->[androidx.work:work-runtime:2.9.0] AndroidManifest.xml:23:5-68
13-->[androidx.work:work-runtime:2.9.0] AndroidManifest.xml:23:22-65
14    <uses-permission android:name="android.permission.RECEIVE_BOOT_COMPLETED" />
14-->[androidx.work:work-runtime:2.9.0] AndroidManifest.xml:25:5-81
14-->[androidx.work:work-runtime:2.9.0] AndroidManifest.xml:25:22-78
15    <uses-permission android:name="android.permission.FOREGROUND_SERVICE" />
15-->[androidx.work:work-runtime:2.9.0] AndroidManifest.xml:26:5-77
15-->[androidx.work:work-runtime:2.9.0] AndroidManifest.xml:26:22-74
16
17    <permission
17-->[androidx.core:core:1.12.0] AndroidManifest.xml:22:5-24:47
18        android:name="com.dereva.smart.DYNAMIC_RECEIVER_NOT_EXPORTED_PERMISSION"
18-->[androidx.core:core:1.12.0] AndroidManifest.xml:23:9-81
19        android:protectionLevel="signature" />
19-->[androidx.core:core:1.12.0] AndroidManifest.xml:24:9-44
20
21    <uses-permission android:name="com.dereva.smart.DYNAMIC_RECEIVER_NOT_EXPORTED_PERMISSION" />
21-->[androidx.core:core:1.12.0] AndroidManifest.xml:26:5-97
21-->[androidx.core:core:1.12.0] AndroidManifest.xml:26:22-94
22
23    <application
23-->src/main/AndroidManifest.xml:7:5-48:19
24        android:name="com.dereva.smart.DerevaApplication"
24-->src/main/AndroidManifest.xml:8:9-42
25        android:allowBackup="true"
25-->src/main/AndroidManifest.xml:9:9-35
26        android:appComponentFactory="androidx.core.app.CoreComponentFactory"
26-->[androidx.core:core:1.12.0] AndroidManifest.xml:28:18-86
27        android:extractNativeLibs="false"
28        android:icon="@android:drawable/sym_def_app_icon"
28-->src/main/AndroidManifest.xml:10:9-58
29        android:label="Dereva Smart"
29-->src/main/AndroidManifest.xml:11:9-37
30        android:supportsRtl="true"
30-->src/main/AndroidManifest.xml:12:9-35
31        android:theme="@style/Theme.DereSmart"
31-->src/main/AndroidManifest.xml:13:9-47
32        android:usesCleartextTraffic="false" >
32-->src/main/AndroidManifest.xml:14:9-45
33
34        <!-- M-Pesa Payment Configuration -->
35        <meta-data
35-->src/main/AndroidManifest.xml:17:9-19:83
36            android:name="com.birosoft.payments.SERVER_URL_API"
36-->src/main/AndroidManifest.xml:18:13-64
37            android:value="https://kmtc-cloudflare-backend.pngobiro.workers.dev" />
37-->src/main/AndroidManifest.xml:19:13-81
38        <meta-data
38-->src/main/AndroidManifest.xml:20:9-22:98
39            android:name="com.birosoft.payments.CALLBACK_URL"
39-->src/main/AndroidManifest.xml:21:13-62
40            android:value="https://kmtc-cloudflare-backend.pngobiro.workers.dev/mpesa/callback" />
40-->src/main/AndroidManifest.xml:22:13-96
41        <meta-data
41-->src/main/AndroidManifest.xml:23:9-25:35
42            android:name="com.birosoft.payments.PRODUCT_CODE"
42-->src/main/AndroidManifest.xml:24:13-62
43            android:value="9999" />
43-->src/main/AndroidManifest.xml:25:13-33
44        <meta-data
44-->src/main/AndroidManifest.xml:26:9-28:95
45            android:name="com.birosoft.payments.MPESA_PASSKEY"
45-->src/main/AndroidManifest.xml:27:13-63
46            android:value="f94ecc4674aa8e226cacd184c48295f2dd648437220fed565af93680bef7fb2f" />
46-->src/main/AndroidManifest.xml:28:13-93
47        <meta-data
47-->src/main/AndroidManifest.xml:29:9-31:63
48            android:name="com.birosoft.payments.MPESA_CONSUMER_KEY"
48-->src/main/AndroidManifest.xml:30:13-68
49            android:value="FUkERaDvg1tJtT6k2ngpyapbkPwJHKea" />
49-->src/main/AndroidManifest.xml:31:13-61
50        <meta-data
50-->src/main/AndroidManifest.xml:32:9-34:47
51            android:name="com.birosoft.payments.MPESA_CONSUMER_SECRET"
51-->src/main/AndroidManifest.xml:33:13-71
52            android:value="QNWTc8eUtn5kTjbD" />
52-->src/main/AndroidManifest.xml:34:13-45
53        <meta-data
53-->src/main/AndroidManifest.xml:35:9-37:37
54            android:name="com.birosoft.payments.MPESA_SHORT_CODE"
54-->src/main/AndroidManifest.xml:36:13-66
55            android:value="755106" />
55-->src/main/AndroidManifest.xml:37:13-35
56
57        <activity
57-->src/main/AndroidManifest.xml:39:9-47:20
58            android:name="com.dereva.smart.MainActivity"
58-->src/main/AndroidManifest.xml:40:13-41
59            android:exported="true"
59-->src/main/AndroidManifest.xml:41:13-36
60            android:theme="@style/Theme.DereSmart" >
60-->src/main/AndroidManifest.xml:42:13-51
61            <intent-filter>
61-->src/main/AndroidManifest.xml:43:13-46:29
62                <action android:name="android.intent.action.MAIN" />
62-->src/main/AndroidManifest.xml:44:17-69
62-->src/main/AndroidManifest.xml:44:25-66
63
64                <category android:name="android.intent.category.LAUNCHER" />
64-->src/main/AndroidManifest.xml:45:17-77
64-->src/main/AndroidManifest.xml:45:27-74
65            </intent-filter>
66        </activity>
67
68        <service
68-->[com.google.firebase:firebase-auth-ktx:22.3.0] AndroidManifest.xml:8:9-14:19
69            android:name="com.google.firebase.components.ComponentDiscoveryService"
69-->[com.google.firebase:firebase-auth-ktx:22.3.0] AndroidManifest.xml:9:13-84
70            android:directBootAware="true"
70-->[com.google.firebase:firebase-common:20.4.2] AndroidManifest.xml:32:13-43
71            android:exported="false" >
71-->[com.google.firebase:firebase-auth-ktx:22.3.0] AndroidManifest.xml:10:13-37
72            <meta-data
72-->[com.google.firebase:firebase-auth-ktx:22.3.0] AndroidManifest.xml:11:13-13:85
73                android:name="com.google.firebase.components:com.google.firebase.auth.ktx.FirebaseAuthLegacyRegistrar"
73-->[com.google.firebase:firebase-auth-ktx:22.3.0] AndroidManifest.xml:12:17-119
74                android:value="com.google.firebase.components.ComponentRegistrar" />
74-->[com.google.firebase:firebase-auth-ktx:22.3.0] AndroidManifest.xml:13:17-82
75            <meta-data
75-->[com.google.firebase:firebase-auth:22.3.0] AndroidManifest.xml:69:13-71:85
76                android:name="com.google.firebase.components:com.google.firebase.auth.FirebaseAuthRegistrar"
76-->[com.google.firebase:firebase-auth:22.3.0] AndroidManifest.xml:70:17-109
77                android:value="com.google.firebase.components.ComponentRegistrar" />
77-->[com.google.firebase:firebase-auth:22.3.0] AndroidManifest.xml:71:17-82
78            <meta-data
78-->[com.google.firebase:firebase-firestore-ktx:24.10.0] AndroidManifest.xml:12:13-14:85
79                android:name="com.google.firebase.components:com.google.firebase.firestore.ktx.FirebaseFirestoreLegacyRegistrar"
79-->[com.google.firebase:firebase-firestore-ktx:24.10.0] AndroidManifest.xml:13:17-129
80                android:value="com.google.firebase.components.ComponentRegistrar" />
80-->[com.google.firebase:firebase-firestore-ktx:24.10.0] AndroidManifest.xml:14:17-82
81            <meta-data
81-->[com.google.firebase:firebase-firestore:24.10.0] AndroidManifest.xml:17:13-19:85
82                android:name="com.google.firebase.components:com.google.firebase.firestore.FirebaseFirestoreKtxRegistrar"
82-->[com.google.firebase:firebase-firestore:24.10.0] AndroidManifest.xml:18:17-122
83                android:value="com.google.firebase.components.ComponentRegistrar" />
83-->[com.google.firebase:firebase-firestore:24.10.0] AndroidManifest.xml:19:17-82
84            <meta-data
84-->[com.google.firebase:firebase-firestore:24.10.0] AndroidManifest.xml:20:13-22:85
85                android:name="com.google.firebase.components:com.google.firebase.firestore.FirestoreRegistrar"
85-->[com.google.firebase:firebase-firestore:24.10.0] AndroidManifest.xml:21:17-111
86                android:value="com.google.firebase.components.ComponentRegistrar" />
86-->[com.google.firebase:firebase-firestore:24.10.0] AndroidManifest.xml:22:17-82
87            <meta-data
87-->[com.google.firebase:firebase-common-ktx:20.4.2] AndroidManifest.xml:12:13-14:85
88                android:name="com.google.firebase.components:com.google.firebase.ktx.FirebaseCommonLegacyRegistrar"
88-->[com.google.firebase:firebase-common-ktx:20.4.2] AndroidManifest.xml:13:17-116
89                android:value="com.google.firebase.components.ComponentRegistrar" />
89-->[com.google.firebase:firebase-common-ktx:20.4.2] AndroidManifest.xml:14:17-82
90            <meta-data
90-->[com.google.firebase:firebase-common:20.4.2] AndroidManifest.xml:35:13-37:85
91                android:name="com.google.firebase.components:com.google.firebase.FirebaseCommonKtxRegistrar"
91-->[com.google.firebase:firebase-common:20.4.2] AndroidManifest.xml:36:17-109
92                android:value="com.google.firebase.components.ComponentRegistrar" />
92-->[com.google.firebase:firebase-common:20.4.2] AndroidManifest.xml:37:17-82
93        </service>
94
95        <activity
95-->[com.google.firebase:firebase-auth:22.3.0] AndroidManifest.xml:29:9-46:20
96            android:name="com.google.firebase.auth.internal.GenericIdpActivity"
96-->[com.google.firebase:firebase-auth:22.3.0] AndroidManifest.xml:30:13-80
97            android:excludeFromRecents="true"
97-->[com.google.firebase:firebase-auth:22.3.0] AndroidManifest.xml:31:13-46
98            android:exported="true"
98-->[com.google.firebase:firebase-auth:22.3.0] AndroidManifest.xml:32:13-36
99            android:launchMode="singleTask"
99-->[com.google.firebase:firebase-auth:22.3.0] AndroidManifest.xml:33:13-44
100            android:theme="@android:style/Theme.Translucent.NoTitleBar" >
100-->[com.google.firebase:firebase-auth:22.3.0] AndroidManifest.xml:34:13-72
101            <intent-filter>
101-->[com.google.firebase:firebase-auth:22.3.0] AndroidManifest.xml:35:13-45:29
102                <action android:name="android.intent.action.VIEW" />
102-->[com.google.firebase:firebase-auth:22.3.0] AndroidManifest.xml:36:17-69
102-->[com.google.firebase:firebase-auth:22.3.0] AndroidManifest.xml:36:25-66
103
104                <category android:name="android.intent.category.DEFAULT" />
104-->[com.google.firebase:firebase-auth:22.3.0] AndroidManifest.xml:38:17-76
104-->[com.google.firebase:firebase-auth:22.3.0] AndroidManifest.xml:38:27-73
105                <category android:name="android.intent.category.BROWSABLE" />
105-->[com.google.firebase:firebase-auth:22.3.0] AndroidManifest.xml:39:17-78
105-->[com.google.firebase:firebase-auth:22.3.0] AndroidManifest.xml:39:27-75
106
107                <data
107-->[com.google.firebase:firebase-auth:22.3.0] AndroidManifest.xml:41:17-44:51
108                    android:host="firebase.auth"
108-->[com.google.firebase:firebase-auth:22.3.0] AndroidManifest.xml:42:21-49
109                    android:path="/"
109-->[com.google.firebase:firebase-auth:22.3.0] AndroidManifest.xml:43:21-37
110                    android:scheme="genericidp" />
110-->[com.google.firebase:firebase-auth:22.3.0] AndroidManifest.xml:44:21-48
111            </intent-filter>
112        </activity>
113        <activity
113-->[com.google.firebase:firebase-auth:22.3.0] AndroidManifest.xml:47:9-64:20
114            android:name="com.google.firebase.auth.internal.RecaptchaActivity"
114-->[com.google.firebase:firebase-auth:22.3.0] AndroidManifest.xml:48:13-79
115            android:excludeFromRecents="true"
115-->[com.google.firebase:firebase-auth:22.3.0] AndroidManifest.xml:49:13-46
116            android:exported="true"
116-->[com.google.firebase:firebase-auth:22.3.0] AndroidManifest.xml:50:13-36
117            android:launchMode="singleTask"
117-->[com.google.firebase:firebase-auth:22.3.0] AndroidManifest.xml:51:13-44
118            android:theme="@android:style/Theme.Translucent.NoTitleBar" >
118-->[com.google.firebase:firebase-auth:22.3.0] AndroidManifest.xml:52:13-72
119            <intent-filter>
119-->[com.google.firebase:firebase-auth:22.3.0] AndroidManifest.xml:53:13-63:29
120                <action android:name="android.intent.action.VIEW" />
120-->[com.google.firebase:firebase-auth:22.3.0] AndroidManifest.xml:36:17-69
120-->[com.google.firebase:firebase-auth:22.3.0] AndroidManifest.xml:36:25-66
121
122                <category android:name="android.intent.category.DEFAULT" />
122-->[com.google.firebase:firebase-auth:22.3.0] AndroidManifest.xml:38:17-76
122-->[com.google.firebase:firebase-auth:22.3.0] AndroidManifest.xml:38:27-73
123                <category android:name="android.intent.category.BROWSABLE" />
123-->[com.google.firebase:firebase-auth:22.3.0] AndroidManifest.xml:39:17-78
123-->[com.google.firebase:firebase-auth:22.3.0] AndroidManifest.xml:39:27-75
124
125                <data
125-->[com.google.firebase:firebase-auth:22.3.0] AndroidManifest.xml:41:17-44:51
126                    android:host="firebase.auth"
126-->[com.google.firebase:firebase-auth:22.3.0] AndroidManifest.xml:42:21-49
127                    android:path="/"
127-->[com.google.firebase:firebase-auth:22.3.0] AndroidManifest.xml:43:21-37
128                    android:scheme="recaptcha" />
128-->[com.google.firebase:firebase-auth:22.3.0] AndroidManifest.xml:44:21-48
129            </intent-filter>
130        </activity>
131
132        <provider
132-->[com.google.firebase:firebase-common:20.4.2] AndroidManifest.xml:23:9-28:39
133            android:name="com.google.firebase.provider.FirebaseInitProvider"
133-->[com.google.firebase:firebase-common:20.4.2] AndroidManifest.xml:24:13-77
134            android:authorities="com.dereva.smart.firebaseinitprovider"
134-->[com.google.firebase:firebase-common:20.4.2] AndroidManifest.xml:25:13-72
135            android:directBootAware="true"
135-->[com.google.firebase:firebase-common:20.4.2] AndroidManifest.xml:26:13-43
136            android:exported="false"
136-->[com.google.firebase:firebase-common:20.4.2] AndroidManifest.xml:27:13-37
137            android:initOrder="100" />
137-->[com.google.firebase:firebase-common:20.4.2] AndroidManifest.xml:28:13-36
138
139        <activity
139-->[com.google.android.gms:play-services-base:18.0.1] AndroidManifest.xml:20:9-22:45
140            android:name="com.google.android.gms.common.api.GoogleApiActivity"
140-->[com.google.android.gms:play-services-base:18.0.1] AndroidManifest.xml:20:19-85
141            android:exported="false"
141-->[com.google.android.gms:play-services-base:18.0.1] AndroidManifest.xml:22:19-43
142            android:theme="@android:style/Theme.Translucent.NoTitleBar" />
142-->[com.google.android.gms:play-services-base:18.0.1] AndroidManifest.xml:21:19-78
143
144        <provider
144-->[androidx.work:work-runtime:2.9.0] AndroidManifest.xml:29:9-37:20
145            android:name="androidx.startup.InitializationProvider"
145-->[androidx.work:work-runtime:2.9.0] AndroidManifest.xml:30:13-67
146            android:authorities="com.dereva.smart.androidx-startup"
146-->[androidx.work:work-runtime:2.9.0] AndroidManifest.xml:31:13-68
147            android:exported="false" >
147-->[androidx.work:work-runtime:2.9.0] AndroidManifest.xml:32:13-37
148            <meta-data
148-->[androidx.work:work-runtime:2.9.0] AndroidManifest.xml:34:13-36:52
149                android:name="androidx.work.WorkManagerInitializer"
149-->[androidx.work:work-runtime:2.9.0] AndroidManifest.xml:35:17-68
150                android:value="androidx.startup" />
150-->[androidx.work:work-runtime:2.9.0] AndroidManifest.xml:36:17-49
151            <meta-data
151-->[androidx.emoji2:emoji2:1.3.0] AndroidManifest.xml:29:13-31:52
152                android:name="androidx.emoji2.text.EmojiCompatInitializer"
152-->[androidx.emoji2:emoji2:1.3.0] AndroidManifest.xml:30:17-75
153                android:value="androidx.startup" />
153-->[androidx.emoji2:emoji2:1.3.0] AndroidManifest.xml:31:17-49
154            <meta-data
154-->[androidx.lifecycle:lifecycle-process:2.7.0] AndroidManifest.xml:29:13-31:52
155                android:name="androidx.lifecycle.ProcessLifecycleInitializer"
155-->[androidx.lifecycle:lifecycle-process:2.7.0] AndroidManifest.xml:30:17-78
156                android:value="androidx.startup" />
156-->[androidx.lifecycle:lifecycle-process:2.7.0] AndroidManifest.xml:31:17-49
157            <meta-data
157-->[androidx.profileinstaller:profileinstaller:1.3.1] AndroidManifest.xml:29:13-31:52
158                android:name="androidx.profileinstaller.ProfileInstallerInitializer"
158-->[androidx.profileinstaller:profileinstaller:1.3.1] AndroidManifest.xml:30:17-85
159                android:value="androidx.startup" />
159-->[androidx.profileinstaller:profileinstaller:1.3.1] AndroidManifest.xml:31:17-49
160        </provider>
161
162        <service
162-->[androidx.work:work-runtime:2.9.0] AndroidManifest.xml:39:9-45:35
163            android:name="androidx.work.impl.background.systemalarm.SystemAlarmService"
163-->[androidx.work:work-runtime:2.9.0] AndroidManifest.xml:40:13-88
164            android:directBootAware="false"
164-->[androidx.work:work-runtime:2.9.0] AndroidManifest.xml:41:13-44
165            android:enabled="@bool/enable_system_alarm_service_default"
165-->[androidx.work:work-runtime:2.9.0] AndroidManifest.xml:42:13-72
166            android:exported="false" />
166-->[androidx.work:work-runtime:2.9.0] AndroidManifest.xml:43:13-37
167        <service
167-->[androidx.work:work-runtime:2.9.0] AndroidManifest.xml:46:9-52:35
168            android:name="androidx.work.impl.background.systemjob.SystemJobService"
168-->[androidx.work:work-runtime:2.9.0] AndroidManifest.xml:47:13-84
169            android:directBootAware="false"
169-->[androidx.work:work-runtime:2.9.0] AndroidManifest.xml:48:13-44
170            android:enabled="@bool/enable_system_job_service_default"
170-->[androidx.work:work-runtime:2.9.0] AndroidManifest.xml:49:13-70
171            android:exported="true"
171-->[androidx.work:work-runtime:2.9.0] AndroidManifest.xml:50:13-36
172            android:permission="android.permission.BIND_JOB_SERVICE" />
172-->[androidx.work:work-runtime:2.9.0] AndroidManifest.xml:51:13-69
173        <service
173-->[androidx.work:work-runtime:2.9.0] AndroidManifest.xml:53:9-59:35
174            android:name="androidx.work.impl.foreground.SystemForegroundService"
174-->[androidx.work:work-runtime:2.9.0] AndroidManifest.xml:54:13-81
175            android:directBootAware="false"
175-->[androidx.work:work-runtime:2.9.0] AndroidManifest.xml:55:13-44
176            android:enabled="@bool/enable_system_foreground_service_default"
176-->[androidx.work:work-runtime:2.9.0] AndroidManifest.xml:56:13-77
177            android:exported="false" />
177-->[androidx.work:work-runtime:2.9.0] AndroidManifest.xml:57:13-37
178
179        <receiver
179-->[androidx.work:work-runtime:2.9.0] AndroidManifest.xml:61:9-66:35
180            android:name="androidx.work.impl.utils.ForceStopRunnable$BroadcastReceiver"
180-->[androidx.work:work-runtime:2.9.0] AndroidManifest.xml:62:13-88
181            android:directBootAware="false"
181-->[androidx.work:work-runtime:2.9.0] AndroidManifest.xml:63:13-44
182            android:enabled="true"
182-->[androidx.work:work-runtime:2.9.0] AndroidManifest.xml:64:13-35
183            android:exported="false" />
183-->[androidx.work:work-runtime:2.9.0] AndroidManifest.xml:65:13-37
184        <receiver
184-->[androidx.work:work-runtime:2.9.0] AndroidManifest.xml:67:9-77:20
185            android:name="androidx.work.impl.background.systemalarm.ConstraintProxy$BatteryChargingProxy"
185-->[androidx.work:work-runtime:2.9.0] AndroidManifest.xml:68:13-106
186            android:directBootAware="false"
186-->[androidx.work:work-runtime:2.9.0] AndroidManifest.xml:69:13-44
187            android:enabled="false"
187-->[androidx.work:work-runtime:2.9.0] AndroidManifest.xml:70:13-36
188            android:exported="false" >
188-->[androidx.work:work-runtime:2.9.0] AndroidManifest.xml:71:13-37
189            <intent-filter>
189-->[androidx.work:work-runtime:2.9.0] AndroidManifest.xml:73:13-76:29
190                <action android:name="android.intent.action.ACTION_POWER_CONNECTED" />
190-->[androidx.work:work-runtime:2.9.0] AndroidManifest.xml:74:17-87
190-->[androidx.work:work-runtime:2.9.0] AndroidManifest.xml:74:25-84
191                <action android:name="android.intent.action.ACTION_POWER_DISCONNECTED" />
191-->[androidx.work:work-runtime:2.9.0] AndroidManifest.xml:75:17-90
191-->[androidx.work:work-runtime:2.9.0] AndroidManifest.xml:75:25-87
192            </intent-filter>
193        </receiver>
194        <receiver
194-->[androidx.work:work-runtime:2.9.0] AndroidManifest.xml:78:9-88:20
195            android:name="androidx.work.impl.background.systemalarm.ConstraintProxy$BatteryNotLowProxy"
195-->[androidx.work:work-runtime:2.9.0] AndroidManifest.xml:79:13-104
196            android:directBootAware="false"
196-->[androidx.work:work-runtime:2.9.0] AndroidManifest.xml:80:13-44
197            android:enabled="false"
197-->[androidx.work:work-runtime:2.9.0] AndroidManifest.xml:81:13-36
198            android:exported="false" >
198-->[androidx.work:work-runtime:2.9.0] AndroidManifest.xml:82:13-37
199            <intent-filter>
199-->[androidx.work:work-runtime:2.9.0] AndroidManifest.xml:84:13-87:29
200                <action android:name="android.intent.action.BATTERY_OKAY" />
200-->[androidx.work:work-runtime:2.9.0] AndroidManifest.xml:85:17-77
200-->[androidx.work:work-runtime:2.9.0] AndroidManifest.xml:85:25-74
201                <action android:name="android.intent.action.BATTERY_LOW" />
201-->[androidx.work:work-runtime:2.9.0] AndroidManifest.xml:86:17-76
201-->[androidx.work:work-runtime:2.9.0] AndroidManifest.xml:86:25-73
202            </intent-filter>
203        </receiver>
204        <receiver
204-->[androidx.work:work-runtime:2.9.0] AndroidManifest.xml:89:9-99:20
205            android:name="androidx.work.impl.background.systemalarm.ConstraintProxy$StorageNotLowProxy"
205-->[androidx.work:work-runtime:2.9.0] AndroidManifest.xml:90:13-104
206            android:directBootAware="false"
206-->[androidx.work:work-runtime:2.9.0] AndroidManifest.xml:91:13-44
207            android:enabled="false"
207-->[androidx.work:work-runtime:2.9.0] AndroidManifest.xml:92:13-36
208            android:exported="false" >
208-->[androidx.work:work-runtime:2.9.0] AndroidManifest.xml:93:13-37
209            <intent-filter>
209-->[androidx.work:work-runtime:2.9.0] AndroidManifest.xml:95:13-98:29
210                <action android:name="android.intent.action.DEVICE_STORAGE_LOW" />
210-->[androidx.work:work-runtime:2.9.0] AndroidManifest.xml:96:17-83
210-->[androidx.work:work-runtime:2.9.0] AndroidManifest.xml:96:25-80
211                <action android:name="android.intent.action.DEVICE_STORAGE_OK" />
211-->[androidx.work:work-runtime:2.9.0] AndroidManifest.xml:97:17-82
211-->[androidx.work:work-runtime:2.9.0] AndroidManifest.xml:97:25-79
212            </intent-filter>
213        </receiver>
214        <receiver
214-->[androidx.work:work-runtime:2.9.0] AndroidManifest.xml:100:9-109:20
215            android:name="androidx.work.impl.background.systemalarm.ConstraintProxy$NetworkStateProxy"
215-->[androidx.work:work-runtime:2.9.0] AndroidManifest.xml:101:13-103
216            android:directBootAware="false"
216-->[androidx.work:work-runtime:2.9.0] AndroidManifest.xml:102:13-44
217            android:enabled="false"
217-->[androidx.work:work-runtime:2.9.0] AndroidManifest.xml:103:13-36
218            android:exported="false" >
218-->[androidx.work:work-runtime:2.9.0] AndroidManifest.xml:104:13-37
219            <intent-filter>
219-->[androidx.work:work-runtime:2.9.0] AndroidManifest.xml:106:13-108:29
220                <action android:name="android.net.conn.CONNECTIVITY_CHANGE" />
220-->[androidx.work:work-runtime:2.9.0] AndroidManifest.xml:107:17-79
220-->[androidx.work:work-runtime:2.9.0] AndroidManifest.xml:107:25-76
221            </intent-filter>
222        </receiver>
223        <receiver
223-->[androidx.work:work-runtime:2.9.0] AndroidManifest.xml:110:9-121:20
224            android:name="androidx.work.impl.background.systemalarm.RescheduleReceiver"
224-->[androidx.work:work-runtime:2.9.0] AndroidManifest.xml:111:13-88
225            android:directBootAware="false"
225-->[androidx.work:work-runtime:2.9.0] AndroidManifest.xml:112:13-44
226            android:enabled="false"
226-->[androidx.work:work-runtime:2.9.0] AndroidManifest.xml:113:13-36
227            android:exported="false" >
227-->[androidx.work:work-runtime:2.9.0] AndroidManifest.xml:114:13-37
228            <intent-filter>
228-->[androidx.work:work-runtime:2.9.0] AndroidManifest.xml:116:13-120:29
229                <action android:name="android.intent.action.BOOT_COMPLETED" />
229-->[androidx.work:work-runtime:2.9.0] AndroidManifest.xml:117:17-79
229-->[androidx.work:work-runtime:2.9.0] AndroidManifest.xml:117:25-76
230                <action android:name="android.intent.action.TIME_SET" />
230-->[androidx.work:work-runtime:2.9.0] AndroidManifest.xml:118:17-73
230-->[androidx.work:work-runtime:2.9.0] AndroidManifest.xml:118:25-70
231                <action android:name="android.intent.action.TIMEZONE_CHANGED" />
231-->[androidx.work:work-runtime:2.9.0] AndroidManifest.xml:119:17-81
231-->[androidx.work:work-runtime:2.9.0] AndroidManifest.xml:119:25-78
232            </intent-filter>
233        </receiver>
234        <receiver
234-->[androidx.work:work-runtime:2.9.0] AndroidManifest.xml:122:9-131:20
235            android:name="androidx.work.impl.background.systemalarm.ConstraintProxyUpdateReceiver"
235-->[androidx.work:work-runtime:2.9.0] AndroidManifest.xml:123:13-99
236            android:directBootAware="false"
236-->[androidx.work:work-runtime:2.9.0] AndroidManifest.xml:124:13-44
237            android:enabled="@bool/enable_system_alarm_service_default"
237-->[androidx.work:work-runtime:2.9.0] AndroidManifest.xml:125:13-72
238            android:exported="false" >
238-->[androidx.work:work-runtime:2.9.0] AndroidManifest.xml:126:13-37
239            <intent-filter>
239-->[androidx.work:work-runtime:2.9.0] AndroidManifest.xml:128:13-130:29
240                <action android:name="androidx.work.impl.background.systemalarm.UpdateProxies" />
240-->[androidx.work:work-runtime:2.9.0] AndroidManifest.xml:129:17-98
240-->[androidx.work:work-runtime:2.9.0] AndroidManifest.xml:129:25-95
241            </intent-filter>
242        </receiver>
243        <receiver
243-->[androidx.work:work-runtime:2.9.0] AndroidManifest.xml:132:9-142:20
244            android:name="androidx.work.impl.diagnostics.DiagnosticsReceiver"
244-->[androidx.work:work-runtime:2.9.0] AndroidManifest.xml:133:13-78
245            android:directBootAware="false"
245-->[androidx.work:work-runtime:2.9.0] AndroidManifest.xml:134:13-44
246            android:enabled="true"
246-->[androidx.work:work-runtime:2.9.0] AndroidManifest.xml:135:13-35
247            android:exported="true"
247-->[androidx.work:work-runtime:2.9.0] AndroidManifest.xml:136:13-36
248            android:permission="android.permission.DUMP" >
248-->[androidx.work:work-runtime:2.9.0] AndroidManifest.xml:137:13-57
249            <intent-filter>
249-->[androidx.work:work-runtime:2.9.0] AndroidManifest.xml:139:13-141:29
250                <action android:name="androidx.work.diagnostics.REQUEST_DIAGNOSTICS" />
250-->[androidx.work:work-runtime:2.9.0] AndroidManifest.xml:140:17-88
250-->[androidx.work:work-runtime:2.9.0] AndroidManifest.xml:140:25-85
251            </intent-filter>
252        </receiver>
253
254        <service
254-->[androidx.room:room-runtime:2.6.1] AndroidManifest.xml:24:9-28:63
255            android:name="androidx.room.MultiInstanceInvalidationService"
255-->[androidx.room:room-runtime:2.6.1] AndroidManifest.xml:25:13-74
256            android:directBootAware="true"
256-->[androidx.room:room-runtime:2.6.1] AndroidManifest.xml:26:13-43
257            android:exported="false" />
257-->[androidx.room:room-runtime:2.6.1] AndroidManifest.xml:27:13-37
258
259        <receiver
259-->[androidx.profileinstaller:profileinstaller:1.3.1] AndroidManifest.xml:34:9-52:20
260            android:name="androidx.profileinstaller.ProfileInstallReceiver"
260-->[androidx.profileinstaller:profileinstaller:1.3.1] AndroidManifest.xml:35:13-76
261            android:directBootAware="false"
261-->[androidx.profileinstaller:profileinstaller:1.3.1] AndroidManifest.xml:36:13-44
262            android:enabled="true"
262-->[androidx.profileinstaller:profileinstaller:1.3.1] AndroidManifest.xml:37:13-35
263            android:exported="true"
263-->[androidx.profileinstaller:profileinstaller:1.3.1] AndroidManifest.xml:38:13-36
264            android:permission="android.permission.DUMP" >
264-->[androidx.profileinstaller:profileinstaller:1.3.1] AndroidManifest.xml:39:13-57
265            <intent-filter>
265-->[androidx.profileinstaller:profileinstaller:1.3.1] AndroidManifest.xml:40:13-42:29
266                <action android:name="androidx.profileinstaller.action.INSTALL_PROFILE" />
266-->[androidx.profileinstaller:profileinstaller:1.3.1] AndroidManifest.xml:41:17-91
266-->[androidx.profileinstaller:profileinstaller:1.3.1] AndroidManifest.xml:41:25-88
267            </intent-filter>
268            <intent-filter>
268-->[androidx.profileinstaller:profileinstaller:1.3.1] AndroidManifest.xml:43:13-45:29
269                <action android:name="androidx.profileinstaller.action.SKIP_FILE" />